2025-08-29 12:12:20 | INFO | __main__:33 | Logger loaded.
2025-08-29 12:12:20 | INFO | __main__:98 | STARTING main()..
2025-08-29 12:12:20 | INFO | __main__:99 | Tagline:

**********************************************************
Sandra Analytics — Project Header
**********************************************************
Author:                     Sandra Otubushin
Motto:                      Excellence. Stewardship. Impact.
Primary Location:           Dallas, TX
Years Active:               5 (since 2020)
Accepting New Clients?:     True
Currently Hiring?:          False
Remote Workshops?:          True
Employees:                  25
Services (3):         ['Data Analysis', 'Machine Learning', 'Business Intelligence']
Office Locations (4): ['Dallas, TX', 'Houston, TX', 'Austin, TX', 'Chicago, IL']
Client Satisfaction Scores (5): [4.8, 4.6, 4.9, 5.0, 4.7]
Minimum Satisfaction Score: 4.6
Maximum Satisfaction Score: 5.0
Mean Satisfaction Score:    4.80
     Standard Deviation:    0.16
**********************************************************

2025-08-29 12:12:20 | INFO | __main__:107 | END main()...
2025-08-29 12:23:31 | INFO | __main__:33 | Logger loaded.
2025-08-29 12:23:31 | INFO | __main__:98 | STARTING main()..
2025-08-29 12:23:31 | INFO | __main__:99 | Tagline:

**********************************************************
Sandra Analytics — Project Header
**********************************************************
Author:                     Sandra Otubushin
Motto:                      Excellence. Stewardship. Impact.
Primary Location:           Dallas, TX
Years Active:               5 (since 2020)
Accepting New Clients?:     True
Currently Hiring?:          False
Remote Workshops?:          True
Employees:                  25
Services (3):         ['Data Analysis', 'Machine Learning', 'Business Intelligence']
Office Locations (4): ['Dallas, TX', 'Houston, TX', 'Austin, TX', 'Chicago, IL']
Client Satisfaction Scores (5): [4.8, 4.6, 4.9, 5.0, 4.7]
Minimum Satisfaction Score: 4.6
Maximum Satisfaction Score: 5.0
Mean Satisfaction Score:    4.80
     Standard Deviation:    0.16
**********************************************************

2025-08-29 12:23:31 | INFO | __main__:107 | END main()...
2025-08-29 13:16:18 | INFO | utils_sandra_otubushin:33 | Logger loaded.
2025-08-29 13:16:28 | INFO | utils_sandra_otubushin:33 | Logger loaded.
2025-08-29 13:42:46 | INFO | utils_sandra_otubushin:33 | Logger loaded.
2025-08-29 13:57:15 | INFO | __main__:31 | Logger loaded.
2025-08-29 13:57:15 | INFO | __main__:154 | START main()
2025-08-29 13:57:15 | INFO | __main__:157 | Byline follows:
**********************************************************
Sandra Analytics — Project Header
**********************************************************
Author:                     Sandra Otubushin
Motto:                      Excellence. Stewardship. Impact.
Primary Location:           Dallas, TX
Years Active:               5 (since 2020)
Accepting New Clients?:     True
Currently Hiring?:          False
Remote Workshops?:          True
Employees:                  25
Services (3):          ['Data Analysis', 'Machine Learning', 'Business Intelligence']
Office Locations (4):  ['Dallas, TX', 'Houston, TX', 'Austin, TX', 'Chicago, IL']
Client Satisfaction Scores (5): [4.8, 4.6, 4.9, 5.0, 4.7]
Minimum Satisfaction Score: 4.6
Maximum Satisfaction Score: 5.0
Mean Satisfaction Score:    4.80
     Standard Deviation:    0.16
**********************************************************
2025-08-29 13:57:15 | INFO | __main__:160 | END main()
2025-08-29 13:59:10 | INFO | __main__:31 | Logger loaded.
2025-08-29 13:59:10 | INFO | __main__:154 | START main()
2025-08-29 13:59:10 | INFO | __main__:136 | Self-check passed.
2025-08-29 13:59:10 | INFO | __main__:157 | Byline follows:
**********************************************************
Sandra Analytics — Project Header
**********************************************************
Author:                     Sandra Otubushin
Motto:                      Excellence. Stewardship. Impact.
Primary Location:           Dallas, TX
Years Active:               5 (since 2020)
Accepting New Clients?:     True
Currently Hiring?:          False
Remote Workshops?:          True
Employees:                  25
Services (3):          ['Data Analysis', 'Machine Learning', 'Business Intelligence']
Office Locations (4):  ['Dallas, TX', 'Houston, TX', 'Austin, TX', 'Chicago, IL']
Client Satisfaction Scores (5): [4.8, 4.6, 4.9, 5.0, 4.7]
Minimum Satisfaction Score: 4.6
Maximum Satisfaction Score: 5.0
Mean Satisfaction Score:    4.80
     Standard Deviation:    0.16
**********************************************************
2025-08-29 13:59:10 | INFO | __main__:160 | END main()
2025-08-29 13:59:10 | INFO | __main__:31 | Logger loaded.
2025-08-29 13:59:10 | INFO | __main__:154 | START main()
2025-08-29 13:59:10 | INFO | __main__:157 | Byline follows:
**********************************************************
Sandra Analytics — Project Header
**********************************************************
Author:                     Sandra Otubushin
Motto:                      Excellence. Stewardship. Impact.
Primary Location:           Dallas, TX
Years Active:               5 (since 2020)
Accepting New Clients?:     True
Currently Hiring?:          False
Remote Workshops?:          True
Employees:                  25
Services (3):          ['Data Analysis', 'Machine Learning', 'Business Intelligence']
Office Locations (4):  ['Dallas, TX', 'Houston, TX', 'Austin, TX', 'Chicago, IL']
Client Satisfaction Scores (5): [4.8, 4.6, 4.9, 5.0, 4.7]
Minimum Satisfaction Score: 4.6
Maximum Satisfaction Score: 5.0
Mean Satisfaction Score:    4.80
     Standard Deviation:    0.16
**********************************************************
2025-08-29 13:59:10 | INFO | __main__:160 | END main()
2025-08-29 13:59:11 | INFO | __main__:31 | Logger loaded.
2025-08-29 13:59:11 | INFO | __main__:154 | START main()
2025-08-29 13:59:11 | INFO | __main__:157 | Byline follows:
**********************************************************
Sandra Analytics — Project Header
**********************************************************
Author:                     Sandra Otubushin
Motto:                      Excellence. Stewardship. Impact.
Primary Location:           Dallas, TX
Years Active:               5 (since 2020)
Accepting New Clients?:     True
Currently Hiring?:          False
Remote Workshops?:          True
Employees:                  25
Services (3):          ['Data Analysis', 'Machine Learning', 'Business Intelligence']
Office Locations (4):  ['Dallas, TX', 'Houston, TX', 'Austin, TX', 'Chicago, IL']
Client Satisfaction Scores (5): [4.8, 4.6, 4.9, 5.0, 4.7]
Minimum Satisfaction Score: 4.6
Maximum Satisfaction Score: 5.0
Mean Satisfaction Score:    4.80
     Standard Deviation:    0.16
**********************************************************
2025-08-29 14:00:10 | INFO | __main__:160 | END main()
2025-08-29 14:02:30 | INFO | utils_sandra_otubushin:31 | Logger loaded.
2025-08-29 14:02:44 | INFO | utils_sandra_otubushin:31 | Logger loaded.
2025-08-29 14:03:37 | INFO | __main__:31 | Logger loaded.
2025-08-29 14:03:37 | INFO | __main__:154 | START main()
2025-08-29 14:03:37 | INFO | __main__:136 | Self-check passed.
2025-08-29 14:03:37 | INFO | __main__:157 | Byline follows:
**********************************************************
Sandra Analytics — Project Header
**********************************************************
Author:                     Sandra Otubushin
Motto:                      Excellence. Stewardship. Impact.
Primary Location:           Dallas, TX
Years Active:               5 (since 2020)
Accepting New Clients?:     True
Currently Hiring?:          False
Remote Workshops?:          True
Employees:                  25
Services (3):          ['Data Analysis', 'Machine Learning', 'Business Intelligence']
Office Locations (4):  ['Dallas, TX', 'Houston, TX', 'Austin, TX', 'Chicago, IL']
Client Satisfaction Scores (5): [4.8, 4.6, 4.9, 5.0, 4.7]
Minimum Satisfaction Score: 4.6
Maximum Satisfaction Score: 5.0
Mean Satisfaction Score:    4.80
     Standard Deviation:    0.16
**********************************************************
2025-08-29 14:03:37 | INFO | __main__:160 | END main()
2025-08-29 14:03:38 | INFO | __main__:31 | Logger loaded.
2025-08-29 14:03:38 | INFO | __main__:154 | START main()
2025-08-29 14:03:38 | INFO | __main__:157 | Byline follows:
**********************************************************
Sandra Analytics — Project Header
**********************************************************
Author:                     Sandra Otubushin
Motto:                      Excellence. Stewardship. Impact.
Primary Location:           Dallas, TX
Years Active:               5 (since 2020)
Accepting New Clients?:     True
Currently Hiring?:          False
Remote Workshops?:          True
Employees:                  25
Services (3):          ['Data Analysis', 'Machine Learning', 'Business Intelligence']
Office Locations (4):  ['Dallas, TX', 'Houston, TX', 'Austin, TX', 'Chicago, IL']
Client Satisfaction Scores (5): [4.8, 4.6, 4.9, 5.0, 4.7]
Minimum Satisfaction Score: 4.6
Maximum Satisfaction Score: 5.0
Mean Satisfaction Score:    4.80
     Standard Deviation:    0.16
**********************************************************
2025-08-29 14:03:38 | INFO | __main__:160 | END main()
2025-09-05 08:54:09 | INFO | __main__:30 | Logger loaded.
2025-09-05 08:54:09 | INFO | __main__:144 | STARTING main()..
2025-09-05 08:54:09 | INFO | __main__:145 | Byline:
**********************************************************
Sandra Analytics — Project Header
**********************************************************
Author:                     Sandra Otubushin
Motto:                      Excellence. Stewardship. Impact.
Primary Location:           Dallas, TX
Years Active:               5 (since 2020)
Accepting New Clients?:     True
Currently Hiring?:          False
Remote Workshops?:          True
Employees:                  25
Office Locations (4):  ['Dallas, TX', 'Houston, TX', 'Austin, TX', 'Chicago, IL']
Services (3):           ['Data Analysis', 'Machine Learning', 'Business Intelligence']
Client Satisfaction Scores (5): [4.8, 4.6, 4.9, 5.0, 4.7]
Minimum Satisfaction Score: 4.6
Maximum Satisfaction Score: 5.0
Mean Satisfaction Score:    4.80
     Standard Deviation:    0.16
**********************************************************
2025-09-05 08:54:09 | INFO | __main__:157 | This module is organized like all Python modules.
2025-09-05 08:54:09 | INFO | __main__:158 | We write professional Python from the start.
2025-09-05 08:54:09 | INFO | __main__:159 | END main()...
2025-09-05 08:54:47 | INFO | __main__:30 | Logger loaded.
2025-09-05 08:54:47 | INFO | __main__:144 | STARTING main()..
2025-09-05 08:54:47 | INFO | __main__:145 | Byline:
**********************************************************
Sandra Analytics — Project Header
**********************************************************
Author:                     Sandra Otubushin
Motto:                      Excellence. Stewardship. Impact.
Primary Location:           Dallas, TX
Years Active:               5 (since 2020)
Accepting New Clients?:     True
Currently Hiring?:          False
Remote Workshops?:          True
Employees:                  25
Office Locations (4):  ['Dallas, TX', 'Houston, TX', 'Austin, TX', 'Chicago, IL']
Services (3):           ['Data Analysis', 'Machine Learning', 'Business Intelligence']
Client Satisfaction Scores (5): [4.8, 4.6, 4.9, 5.0, 4.7]
Minimum Satisfaction Score: 4.6
Maximum Satisfaction Score: 5.0
Mean Satisfaction Score:    4.80
     Standard Deviation:    0.16
**********************************************************
2025-09-05 08:54:47 | INFO | __main__:157 | This module is organized like all Python modules.
2025-09-05 08:54:47 | INFO | __main__:158 | We write professional Python from the start.
2025-09-05 08:54:47 | INFO | __main__:159 | END main()...
